<?xml version="1.0" encoding="UTF-8"?>
<coverage generated="1781659724659" clover="3.2.0">
  <project timestamp="1781659724659" name="All files">
    <metrics statements="164" coveredstatements="151" conditionals="90" coveredconditionals="77" methods="17" coveredmethods="15" elements="271" coveredelements="243" complexity="0" loc="164" ncloc="164" packages="1" files="1" classes="1"/>
    <file name="booking.routes.ts" path="C:\Users\LENOVO\Desktop\RentCarEc RDA 2\operaciones-service\src\modules\booking-integration\booking.routes.ts">
      <metrics statements="164" coveredstatements="151" conditionals="90" coveredconditionals="77" methods="17" coveredmethods="15"/>
      <line num="1" count="1" type="stmt"/>
      <line num="4" count="1" type="stmt"/>
      <line num="5" count="1" type="stmt"/>
      <line num="10" count="6" type="stmt"/>
      <line num="11" count="6" type="cond" truecount="2" falsecount="0"/>
      <line num="12" count="5" type="stmt"/>
      <line num="16" count="6" type="stmt"/>
      <line num="20" count="1" type="stmt"/>
      <line num="21" count="1" type="stmt"/>
      <line num="22" count="1" type="stmt"/>
      <line num="30" count="8" type="cond" truecount="3" falsecount="1"/>
      <line num="31" count="0" type="stmt"/>
      <line num="32" count="8" type="cond" truecount="3" falsecount="1"/>
      <line num="33" count="0" type="stmt"/>
      <line num="35" count="8" type="stmt"/>
      <line num="36" count="8" type="stmt"/>
      <line num="38" count="8" type="cond" truecount="1" falsecount="1"/>
      <line num="39" count="0" type="stmt"/>
      <line num="40" count="8" type="cond" truecount="1" falsecount="1"/>
      <line num="41" count="0" type="stmt"/>
      <line num="43" count="8" type="stmt"/>
      <line num="44" count="8" type="stmt"/>
      <line num="45" count="8" type="cond" truecount="2" falsecount="0"/>
      <line num="46" count="1" type="stmt"/>
      <line num="47" count="7" type="cond" truecount="2" falsecount="0"/>
      <line num="48" count="1" type="stmt"/>
      <line num="50" count="6" type="stmt"/>
      <line num="51" count="6" type="stmt"/>
      <line num="55" count="6" type="stmt"/>
      <line num="80" count="1" type="stmt"/>
      <line num="88" count="1" type="stmt"/>
      <line num="91" count="1" type="stmt"/>
      <line num="92" count="1" type="stmt"/>
      <line num="95" count="1" type="stmt"/>
      <line num="96" count="2" type="stmt"/>
      <line num="97" count="2" type="stmt"/>
      <line num="98" count="2" type="cond" truecount="2" falsecount="0"/>
      <line num="99" count="1" type="stmt"/>
      <line num="100" count="1" type="stmt"/>
      <line num="102" count="1" type="stmt"/>
      <line num="103" count="0" type="stmt"/>
      <line num="107" count="1" type="stmt"/>
      <line num="108" count="10" type="stmt"/>
      <line num="109" count="10" type="stmt"/>
      <line num="112" count="10" type="cond" truecount="6" falsecount="0"/>
      <line num="113" count="2" type="stmt"/>
      <line num="114" count="2" type="stmt"/>
      <line num="118" count="8" type="stmt"/>
      <line num="119" count="8" type="cond" truecount="2" falsecount="0"/>
      <line num="120" count="2" type="stmt"/>
      <line num="121" count="2" type="stmt"/>
      <line num="123" count="6" type="stmt"/>
      <line num="126" count="6" type="stmt"/>
      <line num="127" count="6" type="cond" truecount="2" falsecount="0"/>
      <line num="128" count="1" type="stmt"/>
      <line num="129" count="1" type="stmt"/>
      <line num="131" count="5" type="cond" truecount="2" falsecount="0"/>
      <line num="132" count="3" type="stmt"/>
      <line num="133" count="3" type="stmt"/>
      <line num="137" count="2" type="stmt"/>
      <line num="138" count="2" type="cond" truecount="3" falsecount="1"/>
      <line num="139" count="0" type="stmt"/>
      <line num="140" count="0" type="stmt"/>
      <line num="144" count="2" type="stmt"/>
      <line num="147" count="2" type="cond" truecount="2" falsecount="0"/>
      <line num="148" count="1" type="stmt"/>
      <line num="149" count="1" type="stmt"/>
      <line num="152" count="1" type="cond" truecount="2" falsecount="0"/>
      <line num="153" count="1" type="cond" truecount="1" falsecount="1"/>
      <line num="154" count="0" type="stmt"/>
      <line num="155" count="0" type="stmt"/>
      <line num="158" count="1" type="stmt"/>
      <line num="161" count="1" type="stmt"/>
      <line num="162" count="1" type="stmt"/>
      <line num="164" count="1" type="stmt"/>
      <line num="182" count="1" type="stmt"/>
      <line num="184" count="1" type="stmt"/>
      <line num="185" count="0" type="stmt"/>
      <line num="189" count="1" type="stmt"/>
      <line num="190" count="8" type="stmt"/>
      <line num="191" count="8" type="stmt"/>
      <line num="193" count="8" type="cond" truecount="4" falsecount="0"/>
      <line num="194" count="1" type="stmt"/>
      <line num="201" count="1" type="stmt"/>
      <line num="204" count="7" type="stmt"/>
      <line num="205" count="7" type="cond" truecount="2" falsecount="0"/>
      <line num="206" count="1" type="stmt"/>
      <line num="207" count="1" type="stmt"/>
      <line num="210" count="6" type="stmt"/>
      <line num="213" count="6" type="cond" truecount="2" falsecount="0"/>
      <line num="214" count="1" type="stmt"/>
      <line num="215" count="1" type="stmt"/>
      <line num="218" count="5" type="cond" truecount="1" falsecount="1"/>
      <line num="219" count="5" type="cond" truecount="2" falsecount="0"/>
      <line num="220" count="2" type="stmt"/>
      <line num="227" count="2" type="stmt"/>
      <line num="230" count="3" type="stmt"/>
      <line num="233" count="3" type="cond" truecount="1" falsecount="1"/>
      <line num="234" count="3" type="cond" truecount="2" falsecount="0"/>
      <line num="235" count="1" type="stmt"/>
      <line num="236" count="2" type="cond" truecount="2" falsecount="0"/>
      <line num="237" count="1" type="stmt"/>
      <line num="241" count="3" type="stmt"/>
      <line num="242" count="0" type="stmt"/>
      <line num="245" count="1" type="stmt"/>
      <line num="249" count="1" type="stmt"/>
      <line num="250" count="1" type="stmt"/>
      <line num="253" count="1" type="stmt"/>
      <line num="254" count="5" type="stmt"/>
      <line num="255" count="5" type="stmt"/>
      <line num="257" count="5" type="cond" truecount="2" falsecount="0"/>
      <line num="258" count="1" type="stmt"/>
      <line num="259" count="1" type="stmt"/>
      <line num="262" count="4" type="stmt"/>
      <line num="263" count="4" type="cond" truecount="2" falsecount="0"/>
      <line num="264" count="1" type="stmt"/>
      <line num="265" count="1" type="stmt"/>
      <line num="267" count="3" type="cond" truecount="2" falsecount="0"/>
      <line num="268" count="1" type="stmt"/>
      <line num="269" count="1" type="stmt"/>
      <line num="272" count="2" type="stmt"/>
      <line num="273" count="2" type="cond" truecount="2" falsecount="0"/>
      <line num="274" count="1" type="stmt"/>
      <line num="275" count="1" type="stmt"/>
      <line num="278" count="1" type="stmt"/>
      <line num="279" count="1" type="stmt"/>
      <line num="288" count="1" type="stmt"/>
      <line num="289" count="1" type="stmt"/>
      <line num="292" count="1" type="cond" truecount="1" falsecount="1"/>
      <line num="293" count="1" type="stmt"/>
      <line num="296" count="1" type="stmt"/>
      <line num="297" count="1" type="stmt"/>
      <line num="298" count="0" type="stmt"/>
      <line num="301" count="1" type="stmt"/>
      <line num="305" count="1" type="stmt"/>
      <line num="306" count="1" type="stmt"/>
      <line num="309" count="1" type="stmt"/>
      <line num="310" count="6" type="stmt"/>
      <line num="311" count="6" type="cond" truecount="1" falsecount="0"/>
      <line num="313" count="6" type="cond" truecount="2" falsecount="0"/>
      <line num="314" count="1" type="stmt"/>
      <line num="315" count="1" type="stmt"/>
      <line num="318" count="5" type="stmt"/>
      <line num="319" count="5" type="cond" truecount="2" falsecount="0"/>
      <line num="320" count="1" type="stmt"/>
      <line num="321" count="1" type="stmt"/>
      <line num="323" count="4" type="cond" truecount="2" falsecount="0"/>
      <line num="324" count="1" type="stmt"/>
      <line num="325" count="1" type="stmt"/>
      <line num="328" count="3" type="stmt"/>
      <line num="329" count="3" type="cond" truecount="2" falsecount="0"/>
      <line num="330" count="1" type="stmt"/>
      <line num="331" count="1" type="stmt"/>
      <line num="334" count="2" type="stmt"/>
      <line num="336" count="2" type="stmt"/>
      <line num="337" count="2" type="stmt"/>
      <line num="340" count="2" type="stmt"/>
      <line num="344" count="2" type="stmt"/>
      <line num="345" count="2" type="stmt"/>
      <line num="348" count="2" type="cond" truecount="1" falsecount="1"/>
      <line num="349" count="2" type="cond" truecount="2" falsecount="0"/>
      <line num="352" count="2" type="stmt"/>
      <line num="353" count="0" type="stmt"/>
      <line num="356" count="1" type="stmt"/>
    </file>
  </project>
</coverage>
