{"C:\\Users\\LENOVO\\Desktop\\RentCarEc RDA 2\\operaciones-service\\src\\modules\\booking-integration\\booking.routes.ts": {"path":"C:\\Users\\LENOVO\\Desktop\\RentCarEc RDA 2\\operaciones-service\\src\\modules\\booking-integration\\booking.routes.ts","statementMap":{"0":{"start":{"line":91,"column":0},"end":{"line":91,"column":16}},"1":{"start":{"line":249,"column":0},"end":{"line":249,"column":16}},"2":{"start":{"line":305,"column":0},"end":{"line":305,"column":16}},"3":{"start":{"line":1,"column":0},"end":{"line":1,"column":66}},"4":{"start":{"line":4,"column":0},"end":{"line":4,"column":53}},"5":{"start":{"line":5,"column":0},"end":{"line":5,"column":75}},"6":{"start":{"line":10,"column":17},"end":{"line":10,"column":86}},"7":{"start":{"line":10,"column":81},"end":{"line":10,"column":85}},"8":{"start":{"line":11,"column":2},"end":{"line":11,"column":34}},"9":{"start":{"line":11,"column":22},"end":{"line":11,"column":34}},"10":{"start":{"line":12,"column":2},"end":{"line":12,"column":16}},"11":{"start":{"line":16,"column":2},"end":{"line":16,"column":94}},"12":{"start":{"line":20,"column":14},"end":{"line":20,"column":51}},"13":{"start":{"line":21,"column":14},"end":{"line":21,"column":70}},"14":{"start":{"line":22,"column":2},"end":{"line":22,"column":28}},"15":{"start":{"line":30,"column":2},"end":{"line":31,"column":71}},"16":{"start":{"line":31,"column":4},"end":{"line":31,"column":71}},"17":{"start":{"line":32,"column":2},"end":{"line":33,"column":68}},"18":{"start":{"line":33,"column":4},"end":{"line":33,"column":68}},"19":{"start":{"line":35,"column":18},"end":{"line":35,"column":37}},"20":{"start":{"line":36,"column":18},"end":{"line":36,"column":34}},"21":{"start":{"line":38,"column":2},"end":{"line":39,"column":68}},"22":{"start":{"line":39,"column":4},"end":{"line":39,"column":68}},"23":{"start":{"line":40,"column":2},"end":{"line":41,"column":65}},"24":{"start":{"line":41,"column":4},"end":{"line":41,"column":65}},"25":{"start":{"line":43,"column":14},"end":{"line":43,"column":24}},"26":{"start":{"line":44,"column":2},"end":{"line":44,"column":30}},"27":{"start":{"line":45,"column":2},"end":{"line":46,"column":66}},"28":{"start":{"line":46,"column":4},"end":{"line":46,"column":66}},"29":{"start":{"line":47,"column":2},"end":{"line":48,"column":80}},"30":{"start":{"line":48,"column":4},"end":{"line":48,"column":80}},"31":{"start":{"line":50,"column":15},"end":{"line":50,"column":75}},"32":{"start":{"line":51,"column":2},"end":{"line":51,"column":33}},"33":{"start":{"line":55,"column":2},"end":{"line":66,"column":4}},"34":{"start":{"line":80,"column":63},"end":{"line":86,"column":11}},"35":{"start":{"line":88,"column":23},"end":{"line":88,"column":55}},"36":{"start":{"line":92,"column":17},"end":{"line":92,"column":25}},"37":{"start":{"line":95,"column":2},"end":{"line":104,"column":5}},"38":{"start":{"line":96,"column":4},"end":{"line":103,"column":32}},"39":{"start":{"line":97,"column":22},"end":{"line":97,"column":76}},"40":{"start":{"line":98,"column":6},"end":{"line":101,"column":7}},"41":{"start":{"line":99,"column":8},"end":{"line":99,"column":133}},"42":{"start":{"line":100,"column":8},"end":{"line":100,"column":15}},"43":{"start":{"line":102,"column":6},"end":{"line":102,"column":70}},"44":{"start":{"line":103,"column":20},"end":{"line":103,"column":30}},"45":{"start":{"line":107,"column":2},"end":{"line":186,"column":5}},"46":{"start":{"line":108,"column":4},"end":{"line":185,"column":32}},"47":{"start":{"line":109,"column":118},"end":{"line":109,"column":126}},"48":{"start":{"line":112,"column":6},"end":{"line":115,"column":7}},"49":{"start":{"line":113,"column":8},"end":{"line":113,"column":159}},"50":{"start":{"line":114,"column":8},"end":{"line":114,"column":15}},"51":{"start":{"line":118,"column":26},"end":{"line":118,"column":63}},"52":{"start":{"line":119,"column":6},"end":{"line":122,"column":7}},"53":{"start":{"line":120,"column":8},"end":{"line":120,"column":114}},"54":{"start":{"line":121,"column":8},"end":{"line":121,"column":15}},"55":{"start":{"line":123,"column":23},"end":{"line":123,"column":34}},"56":{"start":{"line":126,"column":23},"end":{"line":126,"column":54}},"57":{"start":{"line":127,"column":6},"end":{"line":130,"column":7}},"58":{"start":{"line":128,"column":8},"end":{"line":128,"column":128}},"59":{"start":{"line":129,"column":8},"end":{"line":129,"column":15}},"60":{"start":{"line":131,"column":6},"end":{"line":134,"column":7}},"61":{"start":{"line":132,"column":8},"end":{"line":132,"column":134}},"62":{"start":{"line":133,"column":8},"end":{"line":133,"column":15}},"63":{"start":{"line":137,"column":24},"end":{"line":137,"column":43}},"64":{"start":{"line":138,"column":6},"end":{"line":141,"column":7}},"65":{"start":{"line":139,"column":8},"end":{"line":139,"column":151}},"66":{"start":{"line":140,"column":8},"end":{"line":140,"column":15}},"67":{"start":{"line":144,"column":24},"end":{"line":146,"column":8}},"68":{"start":{"line":147,"column":6},"end":{"line":150,"column":7}},"69":{"start":{"line":148,"column":8},"end":{"line":148,"column":130}},"70":{"start":{"line":149,"column":8},"end":{"line":149,"column":15}},"71":{"start":{"line":152,"column":24},"end":{"line":152,"column":60}},"72":{"start":{"line":153,"column":6},"end":{"line":156,"column":7}},"73":{"start":{"line":154,"column":8},"end":{"line":154,"column":143}},"74":{"start":{"line":155,"column":8},"end":{"line":155,"column":15}},"75":{"start":{"line":158,"column":25},"end":{"line":158,"column":41}},"76":{"start":{"line":161,"column":31},"end":{"line":161,"column":68}},"77":{"start":{"line":162,"column":31},"end":{"line":162,"column":68}},"78":{"start":{"line":164,"column":22},"end":{"line":179,"column":8}},"79":{"start":{"line":182,"column":6},"end":{"line":182,"column":51}},"80":{"start":{"line":184,"column":6},"end":{"line":184,"column":82}},"81":{"start":{"line":185,"column":20},"end":{"line":185,"column":30}},"82":{"start":{"line":189,"column":2},"end":{"line":243,"column":5}},"83":{"start":{"line":190,"column":4},"end":{"line":242,"column":32}},"84":{"start":{"line":191,"column":35},"end":{"line":191,"column":50}},"85":{"start":{"line":193,"column":6},"end":{"line":202,"column":7}},"86":{"start":{"line":194,"column":8},"end":{"line":200,"column":11}},"87":{"start":{"line":201,"column":8},"end":{"line":201,"column":15}},"88":{"start":{"line":204,"column":22},"end":{"line":204,"column":76}},"89":{"start":{"line":205,"column":6},"end":{"line":208,"column":7}},"90":{"start":{"line":206,"column":8},"end":{"line":206,"column":133}},"91":{"start":{"line":207,"column":8},"end":{"line":207,"column":15}},"92":{"start":{"line":210,"column":28},"end":{"line":210,"column":52}},"93":{"start":{"line":213,"column":6},"end":{"line":216,"column":7}},"94":{"start":{"line":214,"column":8},"end":{"line":214,"column":72}},"95":{"start":{"line":215,"column":8},"end":{"line":215,"column":15}},"96":{"start":{"line":218,"column":22},"end":{"line":218,"column":62}},"97":{"start":{"line":219,"column":6},"end":{"line":228,"column":7}},"98":{"start":{"line":220,"column":8},"end":{"line":226,"column":11}},"99":{"start":{"line":227,"column":8},"end":{"line":227,"column":15}},"100":{"start":{"line":230,"column":22},"end":{"line":230,"column":99}},"101":{"start":{"line":233,"column":6},"end":{"line":239,"column":7}},"102":{"start":{"line":234,"column":8},"end":{"line":238,"column":9}},"103":{"start":{"line":235,"column":10},"end":{"line":235,"column":64}},"104":{"start":{"line":236,"column":15},"end":{"line":238,"column":9}},"105":{"start":{"line":237,"column":10},"end":{"line":237,"column":63}},"106":{"start":{"line":241,"column":6},"end":{"line":241,"column":70}},"107":{"start":{"line":242,"column":20},"end":{"line":242,"column":30}},"108":{"start":{"line":245,"column":2},"end":{"line":245,"column":16}},"109":{"start":{"line":250,"column":17},"end":{"line":250,"column":25}},"110":{"start":{"line":253,"column":2},"end":{"line":299,"column":5}},"111":{"start":{"line":254,"column":4},"end":{"line":298,"column":32}},"112":{"start":{"line":255,"column":66},"end":{"line":255,"column":74}},"113":{"start":{"line":257,"column":6},"end":{"line":260,"column":7}},"114":{"start":{"line":258,"column":8},"end":{"line":258,"column":121}},"115":{"start":{"line":259,"column":8},"end":{"line":259,"column":15}},"116":{"start":{"line":262,"column":22},"end":{"line":262,"column":83}},"117":{"start":{"line":263,"column":6},"end":{"line":266,"column":7}},"118":{"start":{"line":264,"column":8},"end":{"line":264,"column":126}},"119":{"start":{"line":265,"column":8},"end":{"line":265,"column":15}},"120":{"start":{"line":267,"column":6},"end":{"line":270,"column":7}},"121":{"start":{"line":268,"column":8},"end":{"line":268,"column":156}},"122":{"start":{"line":269,"column":8},"end":{"line":269,"column":15}},"123":{"start":{"line":272,"column":24},"end":{"line":272,"column":69}},"124":{"start":{"line":273,"column":6},"end":{"line":276,"column":7}},"125":{"start":{"line":274,"column":8},"end":{"line":274,"column":130}},"126":{"start":{"line":275,"column":8},"end":{"line":275,"column":15}},"127":{"start":{"line":278,"column":23},"end":{"line":290,"column":8}},"128":{"start":{"line":279,"column":18},"end":{"line":287,"column":10}},"129":{"start":{"line":288,"column":8},"end":{"line":288,"column":90}},"130":{"start":{"line":289,"column":8},"end":{"line":289,"column":17}},"131":{"start":{"line":292,"column":6},"end":{"line":294,"column":7}},"132":{"start":{"line":293,"column":8},"end":{"line":293,"column":58}},"133":{"start":{"line":296,"column":21},"end":{"line":296,"column":61}},"134":{"start":{"line":297,"column":6},"end":{"line":297,"column":60}},"135":{"start":{"line":298,"column":20},"end":{"line":298,"column":30}},"136":{"start":{"line":301,"column":2},"end":{"line":301,"column":16}},"137":{"start":{"line":306,"column":17},"end":{"line":306,"column":25}},"138":{"start":{"line":309,"column":2},"end":{"line":354,"column":5}},"139":{"start":{"line":310,"column":4},"end":{"line":353,"column":32}},"140":{"start":{"line":311,"column":87},"end":{"line":311,"column":95}},"141":{"start":{"line":313,"column":6},"end":{"line":316,"column":7}},"142":{"start":{"line":314,"column":8},"end":{"line":314,"column":122}},"143":{"start":{"line":315,"column":8},"end":{"line":315,"column":15}},"144":{"start":{"line":318,"column":23},"end":{"line":318,"column":62}},"145":{"start":{"line":319,"column":6},"end":{"line":322,"column":7}},"146":{"start":{"line":320,"column":8},"end":{"line":320,"column":128}},"147":{"start":{"line":321,"column":8},"end":{"line":321,"column":15}},"148":{"start":{"line":323,"column":6},"end":{"line":326,"column":7}},"149":{"start":{"line":324,"column":8},"end":{"line":324,"column":123}},"150":{"start":{"line":325,"column":8},"end":{"line":325,"column":15}},"151":{"start":{"line":328,"column":24},"end":{"line":328,"column":69}},"152":{"start":{"line":329,"column":6},"end":{"line":332,"column":7}},"153":{"start":{"line":330,"column":8},"end":{"line":330,"column":139}},"154":{"start":{"line":331,"column":8},"end":{"line":331,"column":15}},"155":{"start":{"line":334,"column":25},"end":{"line":334,"column":96}},"156":{"start":{"line":336,"column":25},"end":{"line":346,"column":8}},"157":{"start":{"line":337,"column":18},"end":{"line":339,"column":10}},"158":{"start":{"line":340,"column":8},"end":{"line":343,"column":11}},"159":{"start":{"line":344,"column":8},"end":{"line":344,"column":104}},"160":{"start":{"line":345,"column":8},"end":{"line":345,"column":17}},"161":{"start":{"line":348,"column":6},"end":{"line":350,"column":7}},"162":{"start":{"line":349,"column":8},"end":{"line":349,"column":81}},"163":{"start":{"line":352,"column":6},"end":{"line":352,"column":64}},"164":{"start":{"line":353,"column":20},"end":{"line":353,"column":30}},"165":{"start":{"line":356,"column":2},"end":{"line":356,"column":16}}},"fnMap":{"0":{"name":"fetchVehiculo","decl":{"start":{"line":9,"column":15},"end":{"line":9,"column":28}},"loc":{"start":{"line":9,"column":47},"end":{"line":13,"column":1}}},"1":{"name":"(anonymous_2)","decl":{"start":{"line":10,"column":75},"end":{"line":10,"column":78}},"loc":{"start":{"line":10,"column":81},"end":{"line":10,"column":85}}},"2":{"name":"patchVehiculoStatus","decl":{"start":{"line":15,"column":9},"end":{"line":15,"column":28}},"loc":{"start":{"line":15,"column":80},"end":{"line":17,"column":1}}},"3":{"name":"(anonymous_4)","decl":{"start":{"line":16,"column":84},"end":{"line":16,"column":87}},"loc":{"start":{"line":16,"column":89},"end":{"line":16,"column":92}}},"4":{"name":"generarCodigo","decl":{"start":{"line":19,"column":9},"end":{"line":19,"column":22}},"loc":{"start":{"line":19,"column":22},"end":{"line":23,"column":1}}},"5":{"name":"validateFechas","decl":{"start":{"line":29,"column":9},"end":{"line":29,"column":23}},"loc":{"start":{"line":29,"column":59},"end":{"line":52,"column":1}}},"6":{"name":"toReservaBookingDto","decl":{"start":{"line":54,"column":9},"end":{"line":54,"column":28}},"loc":{"start":{"line":54,"column":41},"end":{"line":67,"column":1}}},"7":{"name":"createReservaBookingRouter","decl":{"start":{"line":91,"column":16},"end":{"line":91,"column":42}},"loc":{"start":{"line":91,"column":73},"end":{"line":246,"column":1}}},"8":{"name":"(anonymous_9)","decl":{"start":{"line":95,"column":21},"end":{"line":95,"column":26}},"loc":{"start":{"line":95,"column":79},"end":{"line":104,"column":3}}},"9":{"name":"(anonymous_10)","decl":{"start":{"line":107,"column":19},"end":{"line":107,"column":24}},"loc":{"start":{"line":107,"column":77},"end":{"line":186,"column":3}}},"10":{"name":"(anonymous_11)","decl":{"start":{"line":189,"column":23},"end":{"line":189,"column":28}},"loc":{"start":{"line":189,"column":81},"end":{"line":243,"column":3}}},"11":{"name":"createAlquilerBookingRouter","decl":{"start":{"line":249,"column":16},"end":{"line":249,"column":43}},"loc":{"start":{"line":249,"column":76},"end":{"line":302,"column":1}}},"12":{"name":"(anonymous_13)","decl":{"start":{"line":253,"column":19},"end":{"line":253,"column":24}},"loc":{"start":{"line":253,"column":77},"end":{"line":299,"column":3}}},"13":{"name":"(anonymous_14)","decl":{"start":{"line":278,"column":49},"end":{"line":278,"column":54}},"loc":{"start":{"line":278,"column":62},"end":{"line":290,"column":7}}},"14":{"name":"createDevolucionBookingRouter","decl":{"start":{"line":305,"column":16},"end":{"line":305,"column":45}},"loc":{"start":{"line":305,"column":78},"end":{"line":357,"column":1}}},"15":{"name":"(anonymous_16)","decl":{"start":{"line":309,"column":19},"end":{"line":309,"column":24}},"loc":{"start":{"line":309,"column":77},"end":{"line":354,"column":3}}},"16":{"name":"(anonymous_17)","decl":{"start":{"line":336,"column":51},"end":{"line":336,"column":56}},"loc":{"start":{"line":336,"column":64},"end":{"line":346,"column":7}}}},"branchMap":{"0":{"loc":{"start":{"line":11,"column":2},"end":{"line":11,"column":34}},"type":"if","locations":[{"start":{"line":11,"column":2},"end":{"line":11,"column":34}},{"start":{},"end":{}}]},"1":{"loc":{"start":{"line":15,"column":65},"end":{"line":15,"column":80}},"type":"default-arg","locations":[{"start":{"line":15,"column":79},"end":{"line":15,"column":80}}]},"2":{"loc":{"start":{"line":30,"column":2},"end":{"line":31,"column":71}},"type":"if","locations":[{"start":{"line":30,"column":2},"end":{"line":31,"column":71}},{"start":{},"end":{}}]},"3":{"loc":{"start":{"line":30,"column":6},"end":{"line":30,"column":56}},"type":"binary-expr","locations":[{"start":{"line":30,"column":6},"end":{"line":30,"column":35}},{"start":{"line":30,"column":39},"end":{"line":30,"column":56}}]},"4":{"loc":{"start":{"line":32,"column":2},"end":{"line":33,"column":68}},"type":"if","locations":[{"start":{"line":32,"column":2},"end":{"line":33,"column":68}},{"start":{},"end":{}}]},"5":{"loc":{"start":{"line":32,"column":6},"end":{"line":32,"column":50}},"type":"binary-expr","locations":[{"start":{"line":32,"column":6},"end":{"line":32,"column":32}},{"start":{"line":32,"column":36},"end":{"line":32,"column":50}}]},"6":{"loc":{"start":{"line":38,"column":2},"end":{"line":39,"column":68}},"type":"if","locations":[{"start":{"line":38,"column":2},"end":{"line":39,"column":68}},{"start":{},"end":{}}]},"7":{"loc":{"start":{"line":40,"column":2},"end":{"line":41,"column":65}},"type":"if","locations":[{"start":{"line":40,"column":2},"end":{"line":41,"column":65}},{"start":{},"end":{}}]},"8":{"loc":{"start":{"line":45,"column":2},"end":{"line":46,"column":66}},"type":"if","locations":[{"start":{"line":45,"column":2},"end":{"line":46,"column":66}},{"start":{},"end":{}}]},"9":{"loc":{"start":{"line":47,"column":2},"end":{"line":48,"column":80}},"type":"if","locations":[{"start":{"line":47,"column":2},"end":{"line":48,"column":80}},{"start":{},"end":{}}]},"10":{"loc":{"start":{"line":98,"column":6},"end":{"line":101,"column":7}},"type":"if","locations":[{"start":{"line":98,"column":6},"end":{"line":101,"column":7}},{"start":{},"end":{}}]},"11":{"loc":{"start":{"line":112,"column":6},"end":{"line":115,"column":7}},"type":"if","locations":[{"start":{"line":112,"column":6},"end":{"line":115,"column":7}},{"start":{},"end":{}}]},"12":{"loc":{"start":{"line":112,"column":10},"end":{"line":112,"column":64}},"type":"binary-expr","locations":[{"start":{"line":112,"column":10},"end":{"line":112,"column":21}},{"start":{"line":112,"column":25},"end":{"line":112,"column":35}},{"start":{"line":112,"column":39},"end":{"line":112,"column":51}},{"start":{"line":112,"column":55},"end":{"line":112,"column":64}}]},"13":{"loc":{"start":{"line":119,"column":6},"end":{"line":122,"column":7}},"type":"if","locations":[{"start":{"line":119,"column":6},"end":{"line":122,"column":7}},{"start":{},"end":{}}]},"14":{"loc":{"start":{"line":127,"column":6},"end":{"line":130,"column":7}},"type":"if","locations":[{"start":{"line":127,"column":6},"end":{"line":130,"column":7}},{"start":{},"end":{}}]},"15":{"loc":{"start":{"line":131,"column":6},"end":{"line":134,"column":7}},"type":"if","locations":[{"start":{"line":131,"column":6},"end":{"line":134,"column":7}},{"start":{},"end":{}}]},"16":{"loc":{"start":{"line":138,"column":6},"end":{"line":141,"column":7}},"type":"if","locations":[{"start":{"line":138,"column":6},"end":{"line":141,"column":7}},{"start":{},"end":{}}]},"17":{"loc":{"start":{"line":138,"column":10},"end":{"line":138,"column":55}},"type":"binary-expr","locations":[{"start":{"line":138,"column":10},"end":{"line":138,"column":37}},{"start":{"line":138,"column":41},"end":{"line":138,"column":55}}]},"18":{"loc":{"start":{"line":147,"column":6},"end":{"line":150,"column":7}},"type":"if","locations":[{"start":{"line":147,"column":6},"end":{"line":150,"column":7}},{"start":{},"end":{}}]},"19":{"loc":{"start":{"line":152,"column":24},"end":{"line":152,"column":60}},"type":"binary-expr","locations":[{"start":{"line":152,"column":24},"end":{"line":152,"column":37}},{"start":{"line":152,"column":41},"end":{"line":152,"column":60}}]},"20":{"loc":{"start":{"line":153,"column":6},"end":{"line":156,"column":7}},"type":"if","locations":[{"start":{"line":153,"column":6},"end":{"line":156,"column":7}},{"start":{},"end":{}}]},"21":{"loc":{"start":{"line":177,"column":12},"end":{"line":177,"column":69}},"type":"binary-expr","locations":[{"start":{"line":177,"column":12},"end":{"line":177,"column":25}},{"start":{"line":177,"column":29},"end":{"line":177,"column":69}}]},"22":{"loc":{"start":{"line":178,"column":12},"end":{"line":178,"column":69}},"type":"binary-expr","locations":[{"start":{"line":178,"column":12},"end":{"line":178,"column":24}},{"start":{"line":178,"column":29},"end":{"line":178,"column":69}}]},"23":{"loc":{"start":{"line":193,"column":6},"end":{"line":202,"column":7}},"type":"if","locations":[{"start":{"line":193,"column":6},"end":{"line":202,"column":7}},{"start":{},"end":{}}]},"24":{"loc":{"start":{"line":193,"column":10},"end":{"line":193,"column":82}},"type":"binary-expr","locations":[{"start":{"line":193,"column":10},"end":{"line":193,"column":41}},{"start":{"line":193,"column":45},"end":{"line":193,"column":82}}]},"25":{"loc":{"start":{"line":205,"column":6},"end":{"line":208,"column":7}},"type":"if","locations":[{"start":{"line":205,"column":6},"end":{"line":208,"column":7}},{"start":{},"end":{}}]},"26":{"loc":{"start":{"line":213,"column":6},"end":{"line":216,"column":7}},"type":"if","locations":[{"start":{"line":213,"column":6},"end":{"line":216,"column":7}},{"start":{},"end":{}}]},"27":{"loc":{"start":{"line":218,"column":22},"end":{"line":218,"column":62}},"type":"binary-expr","locations":[{"start":{"line":218,"column":22},"end":{"line":218,"column":56}},{"start":{"line":218,"column":60},"end":{"line":218,"column":62}}]},"28":{"loc":{"start":{"line":219,"column":6},"end":{"line":228,"column":7}},"type":"if","locations":[{"start":{"line":219,"column":6},"end":{"line":228,"column":7}},{"start":{},"end":{}}]},"29":{"loc":{"start":{"line":233,"column":6},"end":{"line":239,"column":7}},"type":"if","locations":[{"start":{"line":233,"column":6},"end":{"line":239,"column":7}},{"start":{},"end":{}}]},"30":{"loc":{"start":{"line":234,"column":8},"end":{"line":238,"column":9}},"type":"if","locations":[{"start":{"line":234,"column":8},"end":{"line":238,"column":9}},{"start":{"line":236,"column":15},"end":{"line":238,"column":9}}]},"31":{"loc":{"start":{"line":236,"column":15},"end":{"line":238,"column":9}},"type":"if","locations":[{"start":{"line":236,"column":15},"end":{"line":238,"column":9}},{"start":{},"end":{}}]},"32":{"loc":{"start":{"line":257,"column":6},"end":{"line":260,"column":7}},"type":"if","locations":[{"start":{"line":257,"column":6},"end":{"line":260,"column":7}},{"start":{},"end":{}}]},"33":{"loc":{"start":{"line":263,"column":6},"end":{"line":266,"column":7}},"type":"if","locations":[{"start":{"line":263,"column":6},"end":{"line":266,"column":7}},{"start":{},"end":{}}]},"34":{"loc":{"start":{"line":267,"column":6},"end":{"line":270,"column":7}},"type":"if","locations":[{"start":{"line":267,"column":6},"end":{"line":270,"column":7}},{"start":{},"end":{}}]},"35":{"loc":{"start":{"line":273,"column":6},"end":{"line":276,"column":7}},"type":"if","locations":[{"start":{"line":273,"column":6},"end":{"line":276,"column":7}},{"start":{},"end":{}}]},"36":{"loc":{"start":{"line":283,"column":25},"end":{"line":283,"column":73}},"type":"cond-expr","locations":[{"start":{"line":283,"column":39},"end":{"line":283,"column":60}},{"start":{"line":283,"column":63},"end":{"line":283,"column":73}}]},"37":{"loc":{"start":{"line":292,"column":6},"end":{"line":294,"column":7}},"type":"if","locations":[{"start":{"line":292,"column":6},"end":{"line":294,"column":7}},{"start":{},"end":{}}]},"38":{"loc":{"start":{"line":311,"column":53},"end":{"line":311,"column":67}},"type":"default-arg","locations":[{"start":{"line":311,"column":66},"end":{"line":311,"column":67}}]},"39":{"loc":{"start":{"line":313,"column":6},"end":{"line":316,"column":7}},"type":"if","locations":[{"start":{"line":313,"column":6},"end":{"line":316,"column":7}},{"start":{},"end":{}}]},"40":{"loc":{"start":{"line":319,"column":6},"end":{"line":322,"column":7}},"type":"if","locations":[{"start":{"line":319,"column":6},"end":{"line":322,"column":7}},{"start":{},"end":{}}]},"41":{"loc":{"start":{"line":323,"column":6},"end":{"line":326,"column":7}},"type":"if","locations":[{"start":{"line":323,"column":6},"end":{"line":326,"column":7}},{"start":{},"end":{}}]},"42":{"loc":{"start":{"line":329,"column":6},"end":{"line":332,"column":7}},"type":"if","locations":[{"start":{"line":329,"column":6},"end":{"line":332,"column":7}},{"start":{},"end":{}}]},"43":{"loc":{"start":{"line":348,"column":6},"end":{"line":350,"column":7}},"type":"if","locations":[{"start":{"line":348,"column":6},"end":{"line":350,"column":7}},{"start":{},"end":{}}]},"44":{"loc":{"start":{"line":349,"column":65},"end":{"line":349,"column":79}},"type":"binary-expr","locations":[{"start":{"line":349,"column":65},"end":{"line":349,"column":74}},{"start":{"line":349,"column":78},"end":{"line":349,"column":79}}]}},"s":{"0":1,"1":1,"2":1,"3":1,"4":1,"5":1,"6":6,"7":0,"8":6,"9":1,"10":5,"11":6,"12":1,"13":1,"14":1,"15":8,"16":0,"17":8,"18":0,"19":8,"20":8,"21":8,"22":0,"23":8,"24":0,"25":8,"26":8,"27":8,"28":1,"29":7,"30":1,"31":6,"32":6,"33":6,"34":1,"35":1,"36":1,"37":1,"38":2,"39":2,"40":2,"41":1,"42":1,"43":1,"44":0,"45":1,"46":10,"47":10,"48":10,"49":2,"50":2,"51":8,"52":8,"53":2,"54":2,"55":6,"56":6,"57":6,"58":1,"59":1,"60":5,"61":3,"62":3,"63":2,"64":2,"65":0,"66":0,"67":2,"68":2,"69":1,"70":1,"71":1,"72":1,"73":0,"74":0,"75":1,"76":1,"77":1,"78":1,"79":1,"80":1,"81":0,"82":1,"83":8,"84":8,"85":8,"86":1,"87":1,"88":7,"89":7,"90":1,"91":1,"92":6,"93":6,"94":1,"95":1,"96":5,"97":5,"98":2,"99":2,"100":3,"101":3,"102":3,"103":1,"104":2,"105":1,"106":3,"107":0,"108":1,"109":1,"110":1,"111":5,"112":5,"113":5,"114":1,"115":1,"116":4,"117":4,"118":1,"119":1,"120":3,"121":1,"122":1,"123":2,"124":2,"125":1,"126":1,"127":1,"128":1,"129":1,"130":1,"131":1,"132":1,"133":1,"134":1,"135":0,"136":1,"137":1,"138":1,"139":6,"140":6,"141":6,"142":1,"143":1,"144":5,"145":5,"146":1,"147":1,"148":4,"149":1,"150":1,"151":3,"152":3,"153":1,"154":1,"155":2,"156":2,"157":2,"158":2,"159":2,"160":2,"161":2,"162":2,"163":2,"164":0,"165":1},"f":{"0":6,"1":0,"2":6,"3":0,"4":1,"5":8,"6":6,"7":1,"8":2,"9":10,"10":8,"11":1,"12":5,"13":1,"14":1,"15":6,"16":2},"b":{"0":[1,5],"1":[4],"2":[0,8],"3":[8,8],"4":[0,8],"5":[8,8],"6":[0,8],"7":[0,8],"8":[1,7],"9":[1,6],"10":[1,1],"11":[2,8],"12":[10,9,8,8],"13":[2,6],"14":[1,5],"15":[3,2],"16":[0,2],"17":[2,2],"18":[1,1],"19":[1,1],"20":[0,1],"21":[1,0],"22":[1,0],"23":[1,7],"24":[8,8],"25":[1,6],"26":[1,5],"27":[5,0],"28":[2,3],"29":[3,0],"30":[1,2],"31":[1,1],"32":[1,4],"33":[1,3],"34":[1,2],"35":[1,1],"36":[0,1],"37":[1,0],"38":[6],"39":[1,5],"40":[1,4],"41":[1,3],"42":[1,2],"43":[2,0],"44":[2,1]}}
}
