TN:
SF:src\modules\booking-integration\booking.routes.ts
FN:9,fetchVehiculo
FN:10,(anonymous_2)
FN:15,patchVehiculoStatus
FN:16,(anonymous_4)
FN:19,generarCodigo
FN:29,validateFechas
FN:54,toReservaBookingDto
FN:91,createReservaBookingRouter
FN:95,(anonymous_9)
FN:107,(anonymous_10)
FN:189,(anonymous_11)
FN:249,createAlquilerBookingRouter
FN:253,(anonymous_13)
FN:278,(anonymous_14)
FN:305,createDevolucionBookingRouter
FN:309,(anonymous_16)
FN:336,(anonymous_17)
FNF:17
FNH:15
FNDA:6,fetchVehiculo
FNDA:0,(anonymous_2)
FNDA:6,patchVehiculoStatus
FNDA:0,(anonymous_4)
FNDA:1,generarCodigo
FNDA:8,validateFechas
FNDA:6,toReservaBookingDto
FNDA:1,createReservaBookingRouter
FNDA:2,(anonymous_9)
FNDA:10,(anonymous_10)
FNDA:8,(anonymous_11)
FNDA:1,createAlquilerBookingRouter
FNDA:5,(anonymous_13)
FNDA:1,(anonymous_14)
FNDA:1,createDevolucionBookingRouter
FNDA:6,(anonymous_16)
FNDA:2,(anonymous_17)
DA:1,1
DA:4,1
DA:5,1
DA:10,6
DA:11,6
DA:12,5
DA:16,6
DA:20,1
DA:21,1
DA:22,1
DA:30,8
DA:31,0
DA:32,8
DA:33,0
DA:35,8
DA:36,8
DA:38,8
DA:39,0
DA:40,8
DA:41,0
DA:43,8
DA:44,8
DA:45,8
DA:46,1
DA:47,7
DA:48,1
DA:50,6
DA:51,6
DA:55,6
DA:80,1
DA:88,1
DA:91,1
DA:92,1
DA:95,1
DA:96,2
DA:97,2
DA:98,2
DA:99,1
DA:100,1
DA:102,1
DA:103,0
DA:107,1
DA:108,10
DA:109,10
DA:112,10
DA:113,2
DA:114,2
DA:118,8
DA:119,8
DA:120,2
DA:121,2
DA:123,6
DA:126,6
DA:127,6
DA:128,1
DA:129,1
DA:131,5
DA:132,3
DA:133,3
DA:137,2
DA:138,2
DA:139,0
DA:140,0
DA:144,2
DA:147,2
DA:148,1
DA:149,1
DA:152,1
DA:153,1
DA:154,0
DA:155,0
DA:158,1
DA:161,1
DA:162,1
DA:164,1
DA:182,1
DA:184,1
DA:185,0
DA:189,1
DA:190,8
DA:191,8
DA:193,8
DA:194,1
DA:201,1
DA:204,7
DA:205,7
DA:206,1
DA:207,1
DA:210,6
DA:213,6
DA:214,1
DA:215,1
DA:218,5
DA:219,5
DA:220,2
DA:227,2
DA:230,3
DA:233,3
DA:234,3
DA:235,1
DA:236,2
DA:237,1
DA:241,3
DA:242,0
DA:245,1
DA:249,1
DA:250,1
DA:253,1
DA:254,5
DA:255,5
DA:257,5
DA:258,1
DA:259,1
DA:262,4
DA:263,4
DA:264,1
DA:265,1
DA:267,3
DA:268,1
DA:269,1
DA:272,2
DA:273,2
DA:274,1
DA:275,1
DA:278,1
DA:279,1
DA:288,1
DA:289,1
DA:292,1
DA:293,1
DA:296,1
DA:297,1
DA:298,0
DA:301,1
DA:305,1
DA:306,1
DA:309,1
DA:310,6
DA:311,6
DA:313,6
DA:314,1
DA:315,1
DA:318,5
DA:319,5
DA:320,1
DA:321,1
DA:323,4
DA:324,1
DA:325,1
DA:328,3
DA:329,3
DA:330,1
DA:331,1
DA:334,2
DA:336,2
DA:337,2
DA:340,2
DA:344,2
DA:345,2
DA:348,2
DA:349,2
DA:352,2
DA:353,0
DA:356,1
LF:164
LH:151
BRDA:11,0,0,1
BRDA:11,0,1,5
BRDA:15,1,0,4
BRDA:30,2,0,0
BRDA:30,2,1,8
BRDA:30,3,0,8
BRDA:30,3,1,8
BRDA:32,4,0,0
BRDA:32,4,1,8
BRDA:32,5,0,8
BRDA:32,5,1,8
BRDA:38,6,0,0
BRDA:38,6,1,8
BRDA:40,7,0,0
BRDA:40,7,1,8
BRDA:45,8,0,1
BRDA:45,8,1,7
BRDA:47,9,0,1
BRDA:47,9,1,6
BRDA:98,10,0,1
BRDA:98,10,1,1
BRDA:112,11,0,2
BRDA:112,11,1,8
BRDA:112,12,0,10
BRDA:112,12,1,9
BRDA:112,12,2,8
BRDA:112,12,3,8
BRDA:119,13,0,2
BRDA:119,13,1,6
BRDA:127,14,0,1
BRDA:127,14,1,5
BRDA:131,15,0,3
BRDA:131,15,1,2
BRDA:138,16,0,0
BRDA:138,16,1,2
BRDA:138,17,0,2
BRDA:138,17,1,2
BRDA:147,18,0,1
BRDA:147,18,1,1
BRDA:152,19,0,1
BRDA:152,19,1,1
BRDA:153,20,0,0
BRDA:153,20,1,1
BRDA:177,21,0,1
BRDA:177,21,1,0
BRDA:178,22,0,1
BRDA:178,22,1,0
BRDA:193,23,0,1
BRDA:193,23,1,7
BRDA:193,24,0,8
BRDA:193,24,1,8
BRDA:205,25,0,1
BRDA:205,25,1,6
BRDA:213,26,0,1
BRDA:213,26,1,5
BRDA:218,27,0,5
BRDA:218,27,1,0
BRDA:219,28,0,2
BRDA:219,28,1,3
BRDA:233,29,0,3
BRDA:233,29,1,0
BRDA:234,30,0,1
BRDA:234,30,1,2
BRDA:236,31,0,1
BRDA:236,31,1,1
BRDA:257,32,0,1
BRDA:257,32,1,4
BRDA:263,33,0,1
BRDA:263,33,1,3
BRDA:267,34,0,1
BRDA:267,34,1,2
BRDA:273,35,0,1
BRDA:273,35,1,1
BRDA:283,36,0,0
BRDA:283,36,1,1
BRDA:292,37,0,1
BRDA:292,37,1,0
BRDA:311,38,0,6
BRDA:313,39,0,1
BRDA:313,39,1,5
BRDA:319,40,0,1
BRDA:319,40,1,4
BRDA:323,41,0,1
BRDA:323,41,1,3
BRDA:329,42,0,1
BRDA:329,42,1,2
BRDA:348,43,0,2
BRDA:348,43,1,0
BRDA:349,44,0,2
BRDA:349,44,1,1
BRF:90
BRH:77
end_of_record
